<?xml version="1.0" encoding="UTF-8"?>
<!-- Generated by org.testng.reporters.JUnitReportReporter -->
<testsuite skipped="0" hostname="gulbahars-MacBook-Pro.local" name="SelfTestNG.LoginPageTest" tests="1" failures="0" timestamp="2020-05-21T13:20:17 EDT" time="2.985" errors="0">
  <testcase name="validLogin" time="2.985" classname="SelfTestNG.LoginPageTest"/>
  <system-out/>
</testsuite> <!-- SelfTestNG.LoginPageTest -->
