<?xml version="1.0" encoding="UTF-8"?>
<!-- Generated by org.testng.reporters.JUnitReportReporter -->
<testsuite skipped="0" hostname="gulbahars-MacBook-Pro.local" name="com.test.sauceDemoTest" tests="4" failures="0" timestamp="2020-05-28T20:07:54 EDT" time="13.784" errors="0">
  <testcase name="loginToSauceDemo" time="7.386" classname="com.test.sauceDemoTest"/>
  <system-out/>
  <testcase name="loginToSauceDemo" time="2.457" classname="com.test.sauceDemoTest"/>
  <system-out/>
  <testcase name="loginToSauceDemo" time="2.344" classname="com.test.sauceDemoTest"/>
  <system-out/>
  <testcase name="loginToSauceDemo" time="1.597" classname="com.test.sauceDemoTest"/>
  <system-out/>
</testsuite> <!-- com.test.sauceDemoTest -->
