<?xml version="1.0" encoding="UTF-8"?>
<!-- Generated by org.testng.reporters.JUnitReportReporter -->
<testsuite skipped="0" hostname="gulbahars-MacBook-Pro.local" name="com.class02.HWSecondWAyWIthAssert" tests="2" failures="0" timestamp="2020-05-21T10:20:11 EDT" time="13.404" errors="0">
  <testcase name="validLogin" time="10.681" classname="com.class02.HWSecondWAyWIthAssert"/>
  <system-out/>
  <testcase name="invalidLogin" time="2.723" classname="com.class02.HWSecondWAyWIthAssert"/>
  <system-out/>
</testsuite> <!-- com.class02.HWSecondWAyWIthAssert -->
