<?xml version="1.0" encoding="UTF-8"?>
<!-- Generated by org.testng.reporters.JUnitReportReporter -->
<testsuite skipped="0" hostname="gulbahars-MacBook-Pro.local" name="com.test.OrangeHRMSelfPageTest" tests="2" failures="0" timestamp="2020-05-28T23:30:48 EDT" time="10.169" errors="0">
  <testcase name="loginToOrangeHrms" time="5.289" classname="com.test.OrangeHRMSelfPageTest"/>
  <system-out/>
  <testcase name="loginToOrangeHrms" time="4.880" classname="com.test.OrangeHRMSelfPageTest"/>
  <system-out/>
</testsuite> <!-- com.test.OrangeHRMSelfPageTest -->
