<?xml version="1.0" encoding="UTF-8"?>
<!-- Generated by org.testng.reporters.JUnitReportReporter -->
<testsuite skipped="0" hostname="gulbahars-MacBook-Pro.local" name="com.class01.TaskTwo" tests="3" failures="0" timestamp="2020-05-20T17:19:45 EDT" time="0.008" errors="0">
  <testcase name="test2" time="0.001" classname="com.class01.TaskTwo"/>
  <system-out/>
  <testcase name="test1" time="0.006" classname="com.class01.TaskTwo"/>
  <system-out/>
  <testcase name="test3" time="0.001" classname="com.class01.TaskTwo"/>
  <system-out/>
</testsuite> <!-- com.class01.TaskTwo -->
