<?xml version="1.0" encoding="UTF-8"?>
<!-- Generated by org.testng.reporters.JUnitReportReporter -->
<testsuite skipped="0" hostname="gulbahars-MacBook-Pro.local" name="com.test.sauceParameterDemo" tests="1" failures="0" timestamp="2020-05-28T22:48:31 EDT" time="5.865" errors="0">
  <testcase name="login" time="5.865" classname="com.test.sauceParameterDemo"/>
  <system-out/>
</testsuite> <!-- com.test.sauceParameterDemo -->
