<?xml version="1.0" encoding="UTF-8"?>
<!-- Generated by org.testng.reporters.JUnitReportReporter -->
<testsuite skipped="0" hostname="gulbahars-MacBook-Pro.local" name="com.class01.DifferentAnnotattions" tests="1" failures="0" timestamp="2020-05-20T14:38:34 EDT" time="0.004" errors="0">
  <testcase name="test" time="0.004" classname="com.class01.DifferentAnnotattions"/>
  <system-out/>
</testsuite> <!-- com.class01.DifferentAnnotattions -->
