<?xml version="1.0" encoding="UTF-8"?>
<!-- Generated by org.testng.reporters.JUnitReportReporter -->
<testsuite skipped="0" hostname="gulbahars-MacBook-Pro.local" name="SelfTestNG.Assertion" tests="1" failures="0" timestamp="2020-05-20T18:25:05 EDT" time="3.315" errors="0">
  <testcase name="titleValidation" time="3.315" classname="SelfTestNG.Assertion"/>
  <system-out/>
</testsuite> <!-- SelfTestNG.Assertion -->
